Arguments: 
  /usr/local/bin/node /usr/share/yarn/bin/yarn.js

PATH: 
  /home/anhkha/.local/bin:/usr/local/sbin:/usr/local/bin:/usr/sbin:/usr/bin:/sbin:/bin:/usr/games:/usr/local/games:/snap/bin:/home/anhkha/.yarn/bin

Yarn version: 
  1.15.2

Node version: 
  12.0.0

Platform: 
  linux x64

Trace: 
  Error: EACCES: permission denied, mkdir '/home/anhkha/dev/dotkom/fuzzy-train-2/node_modules/@babel/core/node_modules/debug'

npm manifest: 
  {
    "name": "fuzzy-train-2",
    "version": "1.0.0",
    "description": "Electric Boogaloo",
    "main": "index.js",
    "scripts": {
      "test": "echo \"Error: no test specified\" && exit 1"
    },
    "repository": {
      "type": "git",
      "url": "git+https://github.com/dotkom/fuzzy-train-2.git"
    },
    "keywords": [],
    "author": "",
    "license": "ISC",
    "bugs": {
      "url": "https://github.com/dotkom/fuzzy-train-2/issues"
    },
    "homepage": "https://github.com/dotkom/fuzzy-train-2#readme",
    "dependencies": {
      "next": "^8.1.0",
      "react": "^16.8.6",
      "react-dom": "^16.8.6"
    }
  }

yarn manifest: 
  No manifest

Lockfile: 
  No lockfile
